# JRE version: OpenJDK Runtime Environment (8.0_242-b01) (build 1.8.0_242-release-1644-b01)
# Java VM: OpenJDK 64-Bit Server VM (25.242-b01 mixed mode windows-amd64 compressed oops)
Heap:
 PSYoungGen      total 127488K, used 76547K [0x00000000e0000000, 0x00000000ecc00000, 0x0000000100000000)
  eden space 122880K, 62% used [0x00000000e0000000,0x00000000e4ac0ed8,0x00000000e7800000)
  from space 4608K, 0% used [0x00000000e7800000,0x00000000e7800000,0x00000000e7c80000)
  to   space 14336K, 0% used [0x00000000ebe00000,0x00000000ebe00000,0x00000000ecc00000)
 ParOldGen       total 61952K, used 13080K [0x00000000a0000000, 0x00000000a3c80000, 0x00000000e0000000)
  object space 61952K, 21% used [0x00000000a0000000,0x00000000a0cc61b0,0x00000000a3c80000)
 Metaspace       used 37621K, capacity 39014K, committed 39168K, reserved 1083392K
  class space    used 4965K, capacity 5282K, committed 5376K, reserved 1048576K
GC Heap History (10 events):
Event: 2.864 GC heap before
{Heap before GC invocations=7 (full 1):
 PSYoungGen      total 127488K, used 122880K [0x00000000e0000000, 0x00000000e8100000, 0x0000000100000000)
  eden space 122880K, 100% used [0x00000000e0000000,0x00000000e7800000,0x00000000e7800000)
  from space 4608K, 0% used [0x00000000e7800000,0x00000000e7800000,0x00000000e7c80000)
  to   space 4608K, 0% used [0x00000000e7c80000,0x00000000e7c80000,0x00000000e8100000)
 ParOldGen       total 61952K, used 12328K [0x00000000a0000000, 0x00000000a3c80000, 0x00000000e0000000)
  object space 61952K, 19% used [0x00000000a0000000,0x00000000a0c0a288,0x00000000a3c80000)
 Metaspace       used 32346K, capacity 33546K, committed 33664K, reserved 1079296K
  class space    used 4380K, capacity 4700K, committed 4736K, reserved 1048576K
Event: 2.875 GC heap after
Heap after GC invocations=7 (full 1):
 PSYoungGen      total 127488K, used 4608K [0x00000000e0000000, 0x00000000e8100000, 0x0000000100000000)
  eden space 122880K, 0% used [0x00000000e0000000,0x00000000e0000000,0x00000000e7800000)
  from space 4608K, 100% used [0x00000000e7c80000,0x00000000e8100000,0x00000000e8100000)
  to   space 4608K, 0% used [0x00000000e7800000,0x00000000e7800000,0x00000000e7c80000)
 ParOldGen       total 61952K, used 20632K [0x00000000a0000000, 0x00000000a3c80000, 0x00000000e0000000)
  object space 61952K, 33% used [0x00000000a0000000,0x00000000a1426260,0x00000000a3c80000)
 Metaspace       used 32346K, capacity 33546K, committed 33664K, reserved 1079296K
  class space    used 4380K, capacity 4700K, committed 4736K, reserved 1048576K
}
Event: 3.346 GC heap before
{Heap before GC invocations=8 (full 1):
 PSYoungGen      total 127488K, used 127488K [0x00000000e0000000, 0x00000000e8100000, 0x0000000100000000)
  eden space 122880K, 100% used [0x00000000e0000000,0x00000000e7800000,0x00000000e7800000)
  from space 4608K, 100% used [0x00000000e7c80000,0x00000000e8100000,0x00000000e8100000)
  to   space 4608K, 0% used [0x00000000e7800000,0x00000000e7800000,0x00000000e7c80000)
 ParOldGen       total 61952K, used 20632K [0x00000000a0000000, 0x00000000a3c80000, 0x00000000e0000000)
  object space 61952K, 33% used [0x00000000a0000000,0x00000000a1426260,0x00000000a3c80000)
 Metaspace       used 32857K, capacity 34008K, committed 34304K, reserved 1079296K
  class space    used 4465K, capacity 4781K, committed 4864K, reserved 1048576K
Event: 3.352 GC heap after
Heap after GC invocations=8 (full 1):
 PSYoungGen      total 127488K, used 4608K [0x00000000e0000000, 0x00000000ed980000, 0x0000000100000000)
  eden space 122880K, 0% used [0x00000000e0000000,0x00000000e0000000,0x00000000e7800000)
  from space 4608K, 100% used [0x00000000e7800000,0x00000000e7c80000,0x00000000e7c80000)
  to   space 14336K, 0% used [0x00000000ecb80000,0x00000000ecb80000,0x00000000ed980000)
 ParOldGen       total 61952K, used 24617K [0x00000000a0000000, 0x00000000a3c80000, 0x00000000e0000000)
  object space 61952K, 39% used [0x00000000a0000000,0x00000000a180a7e0,0x00000000a3c80000)
 Metaspace       used 32857K, capacity 34008K, committed 34304K, reserved 1079296K
  class space    used 4465K, capacity 4781K, committed 4864K, reserved 1048576K
}
Event: 3.585 GC heap before
{Heap before GC invocations=9 (full 1):
 PSYoungGen      total 127488K, used 127488K [0x00000000e0000000, 0x00000000ed980000, 0x0000000100000000)
  eden space 122880K, 100% used [0x00000000e0000000,0x00000000e7800000,0x00000000e7800000)
  from space 4608K, 100% used [0x00000000e7800000,0x00000000e7c80000,0x00000000e7c80000)
  to   space 14336K, 0% used [0x00000000ecb80000,0x00000000ecb80000,0x00000000ed980000)
 ParOldGen       total 61952K, used 24617K [0x00000000a0000000, 0x00000000a3c80000, 0x00000000e0000000)
  object space 61952K, 39% used [0x00000000a0000000,0x00000000a180a7e0,0x00000000a3c80000)
 Metaspace       used 32880K, capacity 34136K, committed 34304K, reserved 1079296K
  class space    used 4467K, capacity 4781K, committed 4864K, reserved 1048576K
Event: 3.591 GC heap after
Heap after GC invocations=9 (full 1):
 PSYoungGen      total 137216K, used 8395K [0x00000000e0000000, 0x00000000ed980000, 0x0000000100000000)
  eden space 122880K, 0% used [0x00000000e0000000,0x00000000e0000000,0x00000000e7800000)
  from space 14336K, 58% used [0x00000000ecb80000,0x00000000ed3b2d18,0x00000000ed980000)
  to   space 4608K, 0% used [0x00000000e7800000,0x00000000e7800000,0x00000000e7c80000)
 ParOldGen       total 61952K, used 24625K [0x00000000a0000000, 0x00000000a3c80000, 0x00000000e0000000)
  object space 61952K, 39% used [0x00000000a0000000,0x00000000a180c7e0,0x00000000a3c80000)
 Metaspace       used 32880K, capacity 34136K, committed 34304K, reserved 1079296K
  class space    used 4467K, capacity 4781K, committed 4864K, reserved 1048576K
}
Event: 3.631 GC heap before
{Heap before GC invocations=10 (full 1):
 PSYoungGen      total 137216K, used 14988K [0x00000000e0000000, 0x00000000ed980000, 0x0000000100000000)
  eden space 122880K, 5% used [0x00000000e0000000,0x00000000e0670500,0x00000000e7800000)
  from space 14336K, 58% used [0x00000000ecb80000,0x00000000ed3b2d18,0x00000000ed980000)
  to   space 4608K, 0% used [0x00000000e7800000,0x00000000e7800000,0x00000000e7c80000)
 ParOldGen       total 61952K, used 24625K [0x00000000a0000000, 0x00000000a3c80000, 0x00000000e0000000)
  object space 61952K, 39% used [0x00000000a0000000,0x00000000a180c7e0,0x00000000a3c80000)
 Metaspace       used 33615K, capacity 34808K, committed 34944K, reserved 1083392K
  class space    used 4558K, capacity 4877K, committed 4992K, reserved 1048576K
Event: 3.637 GC heap after
Heap after GC invocations=10 (full 1):
 PSYoungGen      total 127488K, used 1502K [0x00000000e0000000, 0x00000000ecc00000, 0x0000000100000000)
  eden space 122880K, 0% used [0x00000000e0000000,0x00000000e0000000,0x00000000e7800000)
  from space 4608K, 32% used [0x00000000e7800000,0x00000000e7977850,0x00000000e7c80000)
  to   space 14336K, 0% used [0x00000000ebe00000,0x00000000ebe00000,0x00000000ecc00000)
 ParOldGen       total 61952K, used 29054K [0x00000000a0000000, 0x00000000a3c80000, 0x00000000e0000000)
  object space 61952K, 46% used [0x00000000a0000000,0x00000000a1c5f968,0x00000000a3c80000)
 Metaspace       used 33615K, capacity 34808K, committed 34944K, reserved 1083392K
  class space    used 4558K, capacity 4877K, committed 4992K, reserved 1048576K
}
Event: 3.637 GC heap before
{Heap before GC invocations=11 (full 2):
 PSYoungGen      total 127488K, used 1502K [0x00000000e0000000, 0x00000000ecc00000, 0x0000000100000000)
  eden space 122880K, 0% used [0x00000000e0000000,0x00000000e0000000,0x00000000e7800000)
  from space 4608K, 32% used [0x00000000e7800000,0x00000000e7977850,0x00000000e7c80000)
  to   space 14336K, 0% used [0x00000000ebe00000,0x00000000ebe00000,0x00000000ecc00000)
 ParOldGen       total 61952K, used 29054K [0x00000000a0000000, 0x00000000a3c80000, 0x00000000e0000000)
  object space 61952K, 46% used [0x00000000a0000000,0x00000000a1c5f968,0x00000000a3c80000)
 Metaspace       used 33615K, capacity 34808K, committed 34944K, reserved 1083392K
  class space    used 4558K, capacity 4877K, committed 4992K, reserved 1048576K
Event: 3.678 GC heap after
Heap after GC invocations=11 (full 2):
 PSYoungGen      total 127488K, used 0K [0x00000000e0000000, 0x00000000ecc00000, 0x0000000100000000)
  eden space 122880K, 0% used [0x00000000e0000000,0x00000000e0000000,0x00000000e7800000)
  from space 4608K, 0% used [0x00000000e7800000,0x00000000e7800000,0x00000000e7c80000)
  to   space 14336K, 0% used [0x00000000ebe00000,0x00000000ebe00000,0x00000000ecc00000)
 ParOldGen       total 61952K, used 13080K [0x00000000a0000000, 0x00000000a3c80000, 0x00000000e0000000)
  object space 61952K, 21% used [0x00000000a0000000,0x00000000a0cc61b0,0x00000000a3c80000)
 Metaspace       used 33615K, capacity 34808K, committed 34944K, reserved 1081344K
  class space    used 4558K, capacity 4877K, committed 4992K, reserved 1048576K
}

