# JRE version: OpenJDK Runtime Environment (8.0_242-b01) (build 1.8.0_242-release-1644-b01)
# Java VM: OpenJDK 64-Bit Server VM (25.242-b01 mixed mode windows-amd64 compressed oops)
Heap:
 PSYoungGen      total 196608K, used 11415K [0x00000000e0000000, 0x00000000f0700000, 0x0000000100000000)
  eden space 184832K, 6% used [0x00000000e0000000,0x00000000e0b25fe0,0x00000000eb480000)
  from space 11776K, 0% used [0x00000000efb80000,0x00000000efb80000,0x00000000f0700000)
  to   space 15872K, 0% used [0x00000000ee800000,0x00000000ee800000,0x00000000ef780000)
 ParOldGen       total 102400K, used 21201K [0x00000000a0000000, 0x00000000a6400000, 0x00000000e0000000)
  object space 102400K, 20% used [0x00000000a0000000,0x00000000a14b4480,0x00000000a6400000)
 Metaspace       used 34746K, capacity 35876K, committed 36224K, reserved 1081344K
  class space    used 4606K, capacity 4873K, committed 4992K, reserved 1048576K
GC Heap History (10 events):
Event: 1.904 GC heap before
{Heap before GC invocations=4 (full 0):
 PSYoungGen      total 66048K, used 66047K [0x00000000e0000000, 0x00000000e8100000, 0x0000000100000000)
  eden space 61440K, 100% used [0x00000000e0000000,0x00000000e3c00000,0x00000000e3c00000)
  from space 4608K, 99% used [0x00000000e3c00000,0x00000000e407ff98,0x00000000e4080000)
  to   space 4608K, 0% used [0x00000000e7c80000,0x00000000e7c80000,0x00000000e8100000)
 ParOldGen       total 80896K, used 3793K [0x00000000a0000000, 0x00000000a4f00000, 0x00000000e0000000)
  object space 80896K, 4% used [0x00000000a0000000,0x00000000a03b47d0,0x00000000a4f00000)
 Metaspace       used 19419K, capacity 20028K, committed 20352K, reserved 1067008K
  class space    used 2688K, capacity 2884K, committed 2944K, reserved 1048576K
Event: 1.911 GC heap after
Heap after GC invocations=4 (full 0):
 PSYoungGen      total 127488K, used 4576K [0x00000000e0000000, 0x00000000e8100000, 0x0000000100000000)
  eden space 122880K, 0% used [0x00000000e0000000,0x00000000e0000000,0x00000000e7800000)
  from space 4608K, 99% used [0x00000000e7c80000,0x00000000e80f8050,0x00000000e8100000)
  to   space 4608K, 0% used [0x00000000e7800000,0x00000000e7800000,0x00000000e7c80000)
 ParOldGen       total 80896K, used 10246K [0x00000000a0000000, 0x00000000a4f00000, 0x00000000e0000000)
  object space 80896K, 12% used [0x00000000a0000000,0x00000000a0a01b78,0x00000000a4f00000)
 Metaspace       used 19419K, capacity 20028K, committed 20352K, reserved 1067008K
  class space    used 2688K, capacity 2884K, committed 2944K, reserved 1048576K
}
Event: 2.193 GC heap before
{Heap before GC invocations=5 (full 0):
 PSYoungGen      total 127488K, used 25176K [0x00000000e0000000, 0x00000000e8100000, 0x0000000100000000)
  eden space 122880K, 16% used [0x00000000e0000000,0x00000000e141e330,0x00000000e7800000)
  from space 4608K, 99% used [0x00000000e7c80000,0x00000000e80f8050,0x00000000e8100000)
  to   space 4608K, 0% used [0x00000000e7800000,0x00000000e7800000,0x00000000e7c80000)
 ParOldGen       total 80896K, used 10246K [0x00000000a0000000, 0x00000000a4f00000, 0x00000000e0000000)
  object space 80896K, 12% used [0x00000000a0000000,0x00000000a0a01b78,0x00000000a4f00000)
 Metaspace       used 20571K, capacity 21258K, committed 21296K, reserved 1067008K
  class space    used 2875K, capacity 3071K, committed 3072K, reserved 1048576K
Event: 2.197 GC heap after
Heap after GC invocations=5 (full 0):
 PSYoungGen      total 127488K, used 4580K [0x00000000e0000000, 0x00000000f0700000, 0x0000000100000000)
  eden space 122880K, 0% used [0x00000000e0000000,0x00000000e0000000,0x00000000e7800000)
  from space 4608K, 99% used [0x00000000e7800000,0x00000000e7c79050,0x00000000e7c80000)
  to   space 11776K, 0% used [0x00000000efb80000,0x00000000efb80000,0x00000000f0700000)
 ParOldGen       total 80896K, used 11933K [0x00000000a0000000, 0x00000000a4f00000, 0x00000000e0000000)
  object space 80896K, 14% used [0x00000000a0000000,0x00000000a0ba7490,0x00000000a4f00000)
 Metaspace       used 20571K, capacity 21258K, committed 21296K, reserved 1067008K
  class space    used 2875K, capacity 3071K, committed 3072K, reserved 1048576K
}
Event: 2.197 GC heap before
{Heap before GC invocations=6 (full 1):
 PSYoungGen      total 127488K, used 4580K [0x00000000e0000000, 0x00000000f0700000, 0x0000000100000000)
  eden space 122880K, 0% used [0x00000000e0000000,0x00000000e0000000,0x00000000e7800000)
  from space 4608K, 99% used [0x00000000e7800000,0x00000000e7c79050,0x00000000e7c80000)
  to   space 11776K, 0% used [0x00000000efb80000,0x00000000efb80000,0x00000000f0700000)
 ParOldGen       total 80896K, used 11933K [0x00000000a0000000, 0x00000000a4f00000, 0x00000000e0000000)
  object space 80896K, 14% used [0x00000000a0000000,0x00000000a0ba7490,0x00000000a4f00000)
 Metaspace       used 20571K, capacity 21258K, committed 21296K, reserved 1067008K
  class space    used 2875K, capacity 3071K, committed 3072K, reserved 1048576K
Event: 2.223 GC heap after
Heap after GC invocations=6 (full 1):
 PSYoungGen      total 127488K, used 0K [0x00000000e0000000, 0x00000000f0700000, 0x0000000100000000)
  eden space 122880K, 0% used [0x00000000e0000000,0x00000000e0000000,0x00000000e7800000)
  from space 4608K, 0% used [0x00000000e7800000,0x00000000e7800000,0x00000000e7c80000)
  to   space 11776K, 0% used [0x00000000efb80000,0x00000000efb80000,0x00000000f0700000)
 ParOldGen       total 64512K, used 12434K [0x00000000a0000000, 0x00000000a3f00000, 0x00000000e0000000)
  object space 64512K, 19% used [0x00000000a0000000,0x00000000a0c249a0,0x00000000a3f00000)
 Metaspace       used 20571K, capacity 21258K, committed 21296K, reserved 1067008K
  class space    used 2875K, capacity 3071K, committed 3072K, reserved 1048576K
}
Event: 4.043 GC heap before
{Heap before GC invocations=7 (full 1):
 PSYoungGen      total 127488K, used 121275K [0x00000000e0000000, 0x00000000f0700000, 0x0000000100000000)
  eden space 122880K, 98% used [0x00000000e0000000,0x00000000e766ec18,0x00000000e7800000)
  from space 4608K, 0% used [0x00000000e7800000,0x00000000e7800000,0x00000000e7c80000)
  to   space 11776K, 0% used [0x00000000efb80000,0x00000000efb80000,0x00000000f0700000)
 ParOldGen       total 64512K, used 12434K [0x00000000a0000000, 0x00000000a3f00000, 0x00000000e0000000)
  object space 64512K, 19% used [0x00000000a0000000,0x00000000a0c249a0,0x00000000a3f00000)
 Metaspace       used 34393K, capacity 35432K, committed 35496K, reserved 1079296K
  class space    used 4548K, capacity 4811K, committed 4864K, reserved 1048576K
Event: 4.054 GC heap after
Heap after GC invocations=7 (full 1):
 PSYoungGen      total 196608K, used 11748K [0x00000000e0000000, 0x00000000f0700000, 0x0000000100000000)
  eden space 184832K, 0% used [0x00000000e0000000,0x00000000e0000000,0x00000000eb480000)
  from space 11776K, 99% used [0x00000000efb80000,0x00000000f06f9038,0x00000000f0700000)
  to   space 15872K, 0% used [0x00000000ee800000,0x00000000ee800000,0x00000000ef780000)
 ParOldGen       total 64512K, used 15589K [0x00000000a0000000, 0x00000000a3f00000, 0x00000000e0000000)
  object space 64512K, 24% used [0x00000000a0000000,0x00000000a0f39728,0x00000000a3f00000)
 Metaspace       used 34393K, capacity 35432K, committed 35496K, reserved 1079296K
  class space    used 4548K, capacity 4811K, committed 4864K, reserved 1048576K
}
Event: 4.054 GC heap before
{Heap before GC invocations=8 (full 2):
 PSYoungGen      total 196608K, used 11748K [0x00000000e0000000, 0x00000000f0700000, 0x0000000100000000)
  eden space 184832K, 0% used [0x00000000e0000000,0x00000000e0000000,0x00000000eb480000)
  from space 11776K, 99% used [0x00000000efb80000,0x00000000f06f9038,0x00000000f0700000)
  to   space 15872K, 0% used [0x00000000ee800000,0x00000000ee800000,0x00000000ef780000)
 ParOldGen       total 64512K, used 15589K [0x00000000a0000000, 0x00000000a3f00000, 0x00000000e0000000)
  object space 64512K, 24% used [0x00000000a0000000,0x00000000a0f39728,0x00000000a3f00000)
 Metaspace       used 34393K, capacity 35432K, committed 35496K, reserved 1079296K
  class space    used 4548K, capacity 4811K, committed 4864K, reserved 1048576K
Event: 4.113 GC heap after
Heap after GC invocations=8 (full 2):
 PSYoungGen      total 196608K, used 0K [0x00000000e0000000, 0x00000000f0700000, 0x0000000100000000)
  eden space 184832K, 0% used [0x00000000e0000000,0x00000000e0000000,0x00000000eb480000)
  from space 11776K, 0% used [0x00000000efb80000,0x00000000efb80000,0x00000000f0700000)
  to   space 15872K, 0% used [0x00000000ee800000,0x00000000ee800000,0x00000000ef780000)
 ParOldGen       total 102400K, used 21201K [0x00000000a0000000, 0x00000000a6400000, 0x00000000e0000000)
  object space 102400K, 20% used [0x00000000a0000000,0x00000000a14b4480,0x00000000a6400000)
 Metaspace       used 34381K, capacity 35420K, committed 35496K, reserved 1079296K
  class space    used 4544K, capacity 4807K, committed 4864K, reserved 1048576K
}

