# JRE version: OpenJDK Runtime Environment (8.0_242-b01) (build 1.8.0_242-release-1644-b01)
# Java VM: OpenJDK 64-Bit Server VM (25.242-b01 mixed mode windows-amd64 compressed oops)
Heap:
 PSYoungGen      total 106496K, used 89387K [0x00000000e0000000, 0x00000000e8500000, 0x0000000100000000)
  eden space 100864K, 83% used [0x00000000e0000000,0x00000000e5201680,0x00000000e6280000)
  from space 5632K, 96% used [0x00000000e7f80000,0x00000000e84c96a8,0x00000000e8500000)
  to   space 9216K, 0% used [0x00000000e7300000,0x00000000e7300000,0x00000000e7c00000)
 ParOldGen       total 51712K, used 7511K [0x00000000a0000000, 0x00000000a3280000, 0x00000000e0000000)
  object space 51712K, 14% used [0x00000000a0000000,0x00000000a0755cc0,0x00000000a3280000)
 Metaspace       used 33124K, capacity 34456K, committed 34560K, reserved 1079296K
  class space    used 4500K, capacity 4833K, committed 4864K, reserved 1048576K
GC Heap History (10 events):
Event: 1.586 GC heap before
{Heap before GC invocations=5 (full 0):
 PSYoungGen      total 35328K, used 35312K [0x00000000e0000000, 0x00000000e4500000, 0x0000000100000000)
  eden space 30720K, 100% used [0x00000000e0000000,0x00000000e1e00000,0x00000000e1e00000)
  from space 4608K, 99% used [0x00000000e2280000,0x00000000e26fc030,0x00000000e2700000)
  to   space 4608K, 0% used [0x00000000e1e00000,0x00000000e1e00000,0x00000000e2280000)
 ParOldGen       total 80896K, used 3254K [0x00000000a0000000, 0x00000000a4f00000, 0x00000000e0000000)
  object space 80896K, 4% used [0x00000000a0000000,0x00000000a032d8c8,0x00000000a4f00000)
 Metaspace       used 16875K, capacity 17466K, committed 17664K, reserved 1064960K
  class space    used 2279K, capacity 2445K, committed 2560K, reserved 1048576K
Event: 1.593 GC heap after
Heap after GC invocations=5 (full 0):
 PSYoungGen      total 35328K, used 4576K [0x00000000e0000000, 0x00000000e4e00000, 0x0000000100000000)
  eden space 30720K, 0% used [0x00000000e0000000,0x00000000e0000000,0x00000000e1e00000)
  from space 4608K, 99% used [0x00000000e1e00000,0x00000000e2278020,0x00000000e2280000)
  to   space 9216K, 0% used [0x00000000e4500000,0x00000000e4500000,0x00000000e4e00000)
 ParOldGen       total 80896K, used 6094K [0x00000000a0000000, 0x00000000a4f00000, 0x00000000e0000000)
  object space 80896K, 7% used [0x00000000a0000000,0x00000000a05f3ae8,0x00000000a4f00000)
 Metaspace       used 16875K, capacity 17466K, committed 17664K, reserved 1064960K
  class space    used 2279K, capacity 2445K, committed 2560K, reserved 1048576K
}
Event: 1.819 GC heap before
{Heap before GC invocations=6 (full 0):
 PSYoungGen      total 35328K, used 35296K [0x00000000e0000000, 0x00000000e4e00000, 0x0000000100000000)
  eden space 30720K, 100% used [0x00000000e0000000,0x00000000e1e00000,0x00000000e1e00000)
  from space 4608K, 99% used [0x00000000e1e00000,0x00000000e2278020,0x00000000e2280000)
  to   space 9216K, 0% used [0x00000000e4500000,0x00000000e4500000,0x00000000e4e00000)
 ParOldGen       total 80896K, used 6094K [0x00000000a0000000, 0x00000000a4f00000, 0x00000000e0000000)
  object space 80896K, 7% used [0x00000000a0000000,0x00000000a05f3ae8,0x00000000a4f00000)
 Metaspace       used 19565K, capacity 20296K, committed 20608K, reserved 1067008K
  class space    used 2711K, capacity 2888K, committed 2944K, reserved 1048576K
Event: 1.826 GC heap after
Heap after GC invocations=6 (full 0):
 PSYoungGen      total 69632K, used 8171K [0x00000000e0000000, 0x00000000e5000000, 0x0000000100000000)
  eden space 60416K, 0% used [0x00000000e0000000,0x00000000e0000000,0x00000000e3b00000)
  from space 9216K, 88% used [0x00000000e4500000,0x00000000e4cfac80,0x00000000e4e00000)
  to   space 10240K, 0% used [0x00000000e3b00000,0x00000000e3b00000,0x00000000e4500000)
 ParOldGen       total 80896K, used 6102K [0x00000000a0000000, 0x00000000a4f00000, 0x00000000e0000000)
  object space 80896K, 7% used [0x00000000a0000000,0x00000000a05f5ae8,0x00000000a4f00000)
 Metaspace       used 19565K, capacity 20296K, committed 20608K, reserved 1067008K
  class space    used 2711K, capacity 2888K, committed 2944K, reserved 1048576K
}
Event: 1.903 GC heap before
{Heap before GC invocations=7 (full 0):
 PSYoungGen      total 69632K, used 19083K [0x00000000e0000000, 0x00000000e5000000, 0x0000000100000000)
  eden space 60416K, 18% used [0x00000000e0000000,0x00000000e0aa81c8,0x00000000e3b00000)
  from space 9216K, 88% used [0x00000000e4500000,0x00000000e4cfac80,0x00000000e4e00000)
  to   space 10240K, 0% used [0x00000000e3b00000,0x00000000e3b00000,0x00000000e4500000)
 ParOldGen       total 80896K, used 6102K [0x00000000a0000000, 0x00000000a4f00000, 0x00000000e0000000)
  object space 80896K, 7% used [0x00000000a0000000,0x00000000a05f5ae8,0x00000000a4f00000)
 Metaspace       used 20506K, capacity 21214K, committed 21296K, reserved 1067008K
  class space    used 2860K, capacity 3037K, committed 3072K, reserved 1048576K
Event: 1.908 GC heap after
Heap after GC invocations=7 (full 0):
 PSYoungGen      total 70656K, used 5086K [0x00000000e0000000, 0x00000000e8900000, 0x0000000100000000)
  eden space 60416K, 0% used [0x00000000e0000000,0x00000000e0000000,0x00000000e3b00000)
  from space 10240K, 49% used [0x00000000e3b00000,0x00000000e3ff7958,0x00000000e4500000)
  to   space 9728K, 0% used [0x00000000e7f80000,0x00000000e7f80000,0x00000000e8900000)
 ParOldGen       total 80896K, used 7970K [0x00000000a0000000, 0x00000000a4f00000, 0x00000000e0000000)
  object space 80896K, 9% used [0x00000000a0000000,0x00000000a07c8b48,0x00000000a4f00000)
 Metaspace       used 20506K, capacity 21214K, committed 21296K, reserved 1067008K
  class space    used 2860K, capacity 3037K, committed 3072K, reserved 1048576K
}
Event: 1.908 GC heap before
{Heap before GC invocations=8 (full 1):
 PSYoungGen      total 70656K, used 5086K [0x00000000e0000000, 0x00000000e8900000, 0x0000000100000000)
  eden space 60416K, 0% used [0x00000000e0000000,0x00000000e0000000,0x00000000e3b00000)
  from space 10240K, 49% used [0x00000000e3b00000,0x00000000e3ff7958,0x00000000e4500000)
  to   space 9728K, 0% used [0x00000000e7f80000,0x00000000e7f80000,0x00000000e8900000)
 ParOldGen       total 80896K, used 7970K [0x00000000a0000000, 0x00000000a4f00000, 0x00000000e0000000)
  object space 80896K, 9% used [0x00000000a0000000,0x00000000a07c8b48,0x00000000a4f00000)
 Metaspace       used 20506K, capacity 21214K, committed 21296K, reserved 1067008K
  class space    used 2860K, capacity 3037K, committed 3072K, reserved 1048576K
Event: 1.932 GC heap after
Heap after GC invocations=8 (full 1):
 PSYoungGen      total 70656K, used 0K [0x00000000e0000000, 0x00000000e8900000, 0x0000000100000000)
  eden space 60416K, 0% used [0x00000000e0000000,0x00000000e0000000,0x00000000e3b00000)
  from space 10240K, 0% used [0x00000000e3b00000,0x00000000e3b00000,0x00000000e4500000)
  to   space 9728K, 0% used [0x00000000e7f80000,0x00000000e7f80000,0x00000000e8900000)
 ParOldGen       total 51712K, used 7503K [0x00000000a0000000, 0x00000000a3280000, 0x00000000e0000000)
  object space 51712K, 14% used [0x00000000a0000000,0x00000000a0753cc0,0x00000000a3280000)
 Metaspace       used 20506K, capacity 21214K, committed 21296K, reserved 1067008K
  class space    used 2860K, capacity 3037K, committed 3072K, reserved 1048576K
}
Event: 2.294 GC heap before
{Heap before GC invocations=9 (full 1):
 PSYoungGen      total 70656K, used 60416K [0x00000000e0000000, 0x00000000e8900000, 0x0000000100000000)
  eden space 60416K, 100% used [0x00000000e0000000,0x00000000e3b00000,0x00000000e3b00000)
  from space 10240K, 0% used [0x00000000e3b00000,0x00000000e3b00000,0x00000000e4500000)
  to   space 9728K, 0% used [0x00000000e7f80000,0x00000000e7f80000,0x00000000e8900000)
 ParOldGen       total 51712K, used 7503K [0x00000000a0000000, 0x00000000a3280000, 0x00000000e0000000)
  object space 51712K, 14% used [0x00000000a0000000,0x00000000a0753cc0,0x00000000a3280000)
 Metaspace       used 24260K, capacity 25280K, committed 25600K, reserved 1071104K
  class space    used 3461K, capacity 3732K, committed 3840K, reserved 1048576K
Event: 2.299 GC heap after
Heap after GC invocations=9 (full 1):
 PSYoungGen      total 106496K, used 5413K [0x00000000e0000000, 0x00000000e8500000, 0x0000000100000000)
  eden space 100864K, 0% used [0x00000000e0000000,0x00000000e0000000,0x00000000e6280000)
  from space 5632K, 96% used [0x00000000e7f80000,0x00000000e84c96a8,0x00000000e8500000)
  to   space 9216K, 0% used [0x00000000e7300000,0x00000000e7300000,0x00000000e7c00000)
 ParOldGen       total 51712K, used 7511K [0x00000000a0000000, 0x00000000a3280000, 0x00000000e0000000)
  object space 51712K, 14% used [0x00000000a0000000,0x00000000a0755cc0,0x00000000a3280000)
 Metaspace       used 24260K, capacity 25280K, committed 25600K, reserved 1071104K
  class space    used 3461K, capacity 3732K, committed 3840K, reserved 1048576K
}

